<?xml version="1.0" encoding="UTF-8"?>
<!-- Generated by org.testng.reporters.JUnitReportReporter -->
<testsuite hostname="Someshs-MacBook-Air.local" failures="0" tests="1" name="loginUI" time="0.012" errors="0" timestamp="2023-02-27T09:11:19 IST" skipped="0">
  <testcase classname="loginUI" name="dashBoard" time="0.012"/>
  <system-out/>
</testsuite> <!-- loginUI -->
