<?xml version="1.0" encoding="UTF-8"?>
<!-- Generated by org.testng.reporters.JUnitReportReporter -->
<testsuite hostname="Someshs-MacBook-Air.local" failures="0" tests="20" name="AutomationPractice.AutomationPractice" time="8.725" errors="2" timestamp="2023-04-03T23:00:18 IST" skipped="18">
  <testcase classname="AutomationPractice.AutomationPractice" name="zeroBatchesFound" time="0.000">
    <skipped/>
  </testcase> <!-- zeroBatchesFound -->
  <system-out/>
  <testcase classname="AutomationPractice.AutomationPractice" name="createNewBatch" time="0.000">
    <skipped/>
  </testcase> <!-- createNewBatch -->
  <system-out/>
  <testcase classname="AutomationPractice.AutomationPractice" name="addStudentManually" time="0.000">
    <skipped/>
  </testcase> <!-- addStudentManually -->
  <system-out/>
  <testcase classname="AutomationPractice.AutomationPractice" name="Addfaculty" time="0.000">
    <skipped/>
  </testcase> <!-- Addfaculty -->
  <system-out/>
  <testcase classname="AutomationPractice.AutomationPractice" name="searchBatchInHindiLanguage" time="0.000">
    <skipped/>
  </testcase> <!-- searchBatchInHindiLanguage -->
  <system-out/>
  <testcase classname="AutomationPractice.AutomationPractice" name="sortUsingRecentlyCreated" time="0.000">
    <skipped/>
  </testcase> <!-- sortUsingRecentlyCreated -->
  <system-out/>
  <testcase classname="AutomationPractice.AutomationPractice" name="previousBatchStartDate" time="0.000">
    <skipped/>
  </testcase> <!-- previousBatchStartDate -->
  <system-out/>
  <testcase classname="AutomationPractice.AutomationPractice" name="openBrowser" time="8.725">
    <error message="null value in entry: url=null" type="java.lang.NullPointerException">
      <![CDATA[java.lang.NullPointerException: null value in entry: url=null
at com.google.common.collect.CollectPreconditions.checkEntryNotNull(CollectPreconditions.java:32)
at com.google.common.collect.SingletonImmutableBiMap.<init>(SingletonImmutableBiMap.java:42)
at com.google.common.collect.ImmutableBiMap.of(ImmutableBiMap.java:72)
at com.google.common.collect.ImmutableMap.of(ImmutableMap.java:124)
at org.openqa.selenium.remote.RemoteWebDriver.get(RemoteWebDriver.java:277)
at AutomationPractice.AutomationPractice.openBrowser(AutomationPractice.java:36)
at java.base/jdk.internal.reflect.NativeMethodAccessorImpl.invoke0(Native Method)
at java.base/jdk.internal.reflect.NativeMethodAccessorImpl.invoke(NativeMethodAccessorImpl.java:77)
at java.base/jdk.internal.reflect.DelegatingMethodAccessorImpl.invoke(DelegatingMethodAccessorImpl.java:43)
at java.base/java.lang.reflect.Method.invoke(Method.java:568)
at org.testng.internal.MethodInvocationHelper.invokeMethod(MethodInvocationHelper.java:133)
at org.testng.internal.MethodInvocationHelper.invokeMethodConsideringTimeout(MethodInvocationHelper.java:62)
at org.testng.internal.ConfigInvoker.invokeConfigurationMethod(ConfigInvoker.java:385)
at org.testng.internal.ConfigInvoker.invokeConfigurations(ConfigInvoker.java:321)
at org.testng.internal.TestInvoker.runConfigMethods(TestInvoker.java:700)
at org.testng.internal.TestInvoker.invokeMethod(TestInvoker.java:527)
at org.testng.internal.TestInvoker.invokeTestMethod(TestInvoker.java:173)
at org.testng.internal.MethodRunner.runInSequence(MethodRunner.java:46)
at org.testng.internal.TestInvoker$MethodInvocationAgent.invoke(TestInvoker.java:824)
at org.testng.internal.TestInvoker.invokeTestMethods(TestInvoker.java:146)
at org.testng.internal.TestMethodWorker.invokeTestMethods(TestMethodWorker.java:146)
at org.testng.internal.TestMethodWorker.run(TestMethodWorker.java:128)
at java.base/java.util.ArrayList.forEach(ArrayList.java:1511)
at org.testng.TestRunner.privateRun(TestRunner.java:794)
at org.testng.TestRunner.run(TestRunner.java:596)
at org.testng.SuiteRunner.runTest(SuiteRunner.java:377)
at org.testng.SuiteRunner.runSequentially(SuiteRunner.java:371)
at org.testng.SuiteRunner.privateRun(SuiteRunner.java:332)
at org.testng.SuiteRunner.run(SuiteRunner.java:276)
at org.testng.SuiteRunnerWorker.runSuite(SuiteRunnerWorker.java:53)
at org.testng.SuiteRunnerWorker.run(SuiteRunnerWorker.java:96)
at org.testng.TestNG.runSuitesSequentially(TestNG.java:1212)
at org.testng.TestNG.runSuitesLocally(TestNG.java:1134)
at org.testng.TestNG.runSuites(TestNG.java:1063)
at org.testng.TestNG.run(TestNG.java:1031)
at org.testng.remote.AbstractRemoteTestNG.run(AbstractRemoteTestNG.java:115)
at org.testng.remote.RemoteTestNG.initAndRun(RemoteTestNG.java:251)
at org.testng.remote.RemoteTestNG.main(RemoteTestNG.java:77)
]]>
    </error>
  </testcase> <!-- openBrowser -->
  <system-out/>
  <testcase classname="AutomationPractice.AutomationPractice" name="invalidBatchCode" time="0.000">
    <skipped/>
  </testcase> <!-- invalidBatchCode -->
  <system-out/>
  <testcase classname="AutomationPractice.AutomationPractice" name="defaultBatchStartDate" time="0.000">
    <skipped/>
  </testcase> <!-- defaultBatchStartDate -->
  <system-out/>
  <testcase classname="AutomationPractice.AutomationPractice" name="goLiveNow" time="0.000">
    <skipped/>
  </testcase> <!-- goLiveNow -->
  <system-out/>
  <testcase classname="AutomationPractice.AutomationPractice" name="sortUsingBatchName" time="0.000">
    <skipped/>
  </testcase> <!-- sortUsingBatchName -->
  <system-out/>
  <testcase classname="AutomationPractice.AutomationPractice" name="batchNameTextfield" time="0.000">
    <skipped/>
  </testcase> <!-- batchNameTextfield -->
  <system-out/>
  <testcase classname="AutomationPractice.AutomationPractice" name="searchBatchWithWlphanumeric" time="0.000">
    <skipped/>
  </testcase> <!-- searchBatchWithWlphanumeric -->
  <system-out/>
  <testcase classname="AutomationPractice.AutomationPractice" name="searchBatchWithDigits" time="0.000">
    <skipped/>
  </testcase> <!-- searchBatchWithDigits -->
  <system-out/>
  <testcase classname="AutomationPractice.AutomationPractice" name="searchBatchWithSpecialCharacters" time="0.000">
    <skipped/>
  </testcase> <!-- searchBatchWithSpecialCharacters -->
  <system-out/>
  <testcase classname="AutomationPractice.AutomationPractice" name="searchBatchWithAlphabets" time="0.000">
    <skipped/>
  </testcase> <!-- searchBatchWithAlphabets -->
  <system-out/>
  <testcase classname="AutomationPractice.AutomationPractice" name="futureBatchStartDate" time="0.000">
    <skipped/>
  </testcase> <!-- futureBatchStartDate -->
  <system-out/>
  <testcase classname="AutomationPractice.AutomationPractice" name="verifybatchCount" time="0.000">
    <skipped/>
  </testcase> <!-- verifybatchCount -->
  <system-out/>
  <testcase classname="AutomationPractice.AutomationPractice" name="loginUI" time="0.000">
    <error message="
Method public void AutomationPractice.AutomationPractice.loginUI(java.lang.String,java.lang.String,java.lang.String,java.lang.String) requires a @DataProvider named : create" type="org.testng.TestNGException">
      <![CDATA[org.testng.TestNGException: 
Method public void AutomationPractice.AutomationPractice.loginUI(java.lang.String,java.lang.String,java.lang.String,java.lang.String) requires a @DataProvider named : create
at org.testng.internal.Parameters.findDataProvider(Parameters.java:561)
at org.testng.internal.Parameters.handleParameters(Parameters.java:772)
at org.testng.internal.Parameters.handleParameters(Parameters.java:740)
at org.testng.internal.ParameterHandler.handleParameters(ParameterHandler.java:59)
at org.testng.internal.ParameterHandler.createParameters(ParameterHandler.java:38)
at org.testng.internal.TestInvoker$MethodInvocationAgent.invoke(TestInvoker.java:791)
at org.testng.internal.TestInvoker.invokeTestMethods(TestInvoker.java:146)
at org.testng.internal.TestMethodWorker.invokeTestMethods(TestMethodWorker.java:146)
at org.testng.internal.TestMethodWorker.run(TestMethodWorker.java:128)
at java.base/java.util.ArrayList.forEach(ArrayList.java:1511)
at org.testng.TestRunner.privateRun(TestRunner.java:794)
at org.testng.TestRunner.run(TestRunner.java:596)
at org.testng.SuiteRunner.runTest(SuiteRunner.java:377)
at org.testng.SuiteRunner.runSequentially(SuiteRunner.java:371)
at org.testng.SuiteRunner.privateRun(SuiteRunner.java:332)
at org.testng.SuiteRunner.run(SuiteRunner.java:276)
at org.testng.SuiteRunnerWorker.runSuite(SuiteRunnerWorker.java:53)
at org.testng.SuiteRunnerWorker.run(SuiteRunnerWorker.java:96)
at org.testng.TestNG.runSuitesSequentially(TestNG.java:1212)
at org.testng.TestNG.runSuitesLocally(TestNG.java:1134)
at org.testng.TestNG.runSuites(TestNG.java:1063)
at org.testng.TestNG.run(TestNG.java:1031)
at org.testng.remote.AbstractRemoteTestNG.run(AbstractRemoteTestNG.java:115)
at org.testng.remote.RemoteTestNG.initAndRun(RemoteTestNG.java:251)
at org.testng.remote.RemoteTestNG.main(RemoteTestNG.java:77)
]]>
    </error>
  </testcase> <!-- loginUI -->
  <system-out/>
</testsuite> <!-- AutomationPractice.AutomationPractice -->
